6/13/2016 10:19:30 AM
Script System Init Success
6/13/2016 10:19:30 AM
LogRecorderConnected:LOGGER
6/13/2016 10:19:30 AM
DriverConnectedSuccess:ADAM
6/13/2016 10:38:48 PM
Script System Init Success
6/13/2016 10:38:49 PM
LogRecorderConnected:LOGGER
6/13/2016 10:39:10 PM
DriverShutDown:ADAM
6/13/2016 10:43:09 PM
Script System Init Success
6/13/2016 10:43:09 PM
LogRecorderConnected:LOGGER
6/13/2016 10:43:09 PM
DriverConnectedSuccess:ADAM
6/13/2016 10:45:28 PM
Script System Init Success
6/13/2016 10:45:29 PM
LogRecorderConnected:LOGGER
6/13/2016 10:45:29 PM
DriverConnectedSuccess:ADAM
6/13/2016 10:47:06 PM
Script System Init Success
6/13/2016 10:47:07 PM
LogRecorderConnected:LOGGER
6/13/2016 10:47:07 PM
DriverConnectedSuccess:ADAM
6/13/2016 10:49:58 PM
Script System Init Success
6/13/2016 10:49:58 PM
LogRecorderConnected:LOGGER
6/13/2016 10:49:58 PM
DriverConnectedSuccess:ADAM
6/13/2016 10:50:53 PM
Script System Init Success
6/13/2016 10:50:54 PM
LogRecorderConnected:LOGGER
6/13/2016 10:50:54 PM
DriverConnectedSuccess:ADAM
6/13/2016 11:05:55 PM
Script System Init Success
6/13/2016 11:05:55 PM
LogRecorderConnected:LOGGER
6/13/2016 11:05:55 PM
DriverConnectedSuccess:ADAM
6/13/2016 11:08:23 PM
Script System Init Success
6/13/2016 11:08:24 PM
LogRecorderConnected:LOGGER
6/13/2016 11:08:24 PM
DriverConnectedSuccess:ADAM
6/13/2016 11:08:37 PM
Script System Init Success
6/13/2016 11:08:37 PM
LogRecorderConnected:LOGGER
6/13/2016 11:08:37 PM
DriverConnectedSuccess:ADAM
6/13/2016 11:11:56 PM
Script System Init Success
6/13/2016 11:11:56 PM
LogRecorderConnected:LOGGER
6/13/2016 11:11:56 PM
DriverConnectedSuccess:ADAM
6/13/2016 11:15:04 PM
Script System Init Success
6/13/2016 11:15:05 PM
LogRecorderConnected:LOGGER
6/13/2016 11:15:05 PM
DriverConnectedSuccess:ADAM
6/13/2016 11:16:13 PM
Script System Init Success
6/13/2016 11:16:14 PM
LogRecorderConnected:LOGGER
6/13/2016 11:16:14 PM
DriverConnectedSuccess:ADAM
6/13/2016 11:16:49 PM
Script System Init Success
6/13/2016 11:16:49 PM
LogRecorderConnected:LOGGER
6/13/2016 11:16:49 PM
DriverConnectedSuccess:ADAM
6/13/2016 11:22:47 PM
Script System Init Success
6/13/2016 11:22:47 PM
LogRecorderConnected:LOGGER
6/13/2016 11:22:47 PM
DriverConnectedSuccess:ADAM
6/13/2016 11:24:02 PM
Script System Init Success
6/13/2016 11:24:03 PM
LogRecorderConnected:LOGGER
6/13/2016 11:24:03 PM
DriverConnectedSuccess:ADAM
6/13/2016 11:24:31 PM
Script System Init Success
6/13/2016 11:24:31 PM
LogRecorderConnected:LOGGER
6/13/2016 11:24:32 PM
DriverConnectedSuccess:ADAM
6/13/2016 11:28:36 PM
Script System Init Success
6/13/2016 11:28:37 PM
LogRecorderConnected:LOGGER
6/13/2016 11:28:37 PM
DriverConnectedSuccess:ADAM
6/13/2016 11:29:00 PM
Script System Init Success
6/13/2016 11:29:00 PM
LogRecorderConnected:LOGGER
6/13/2016 11:29:00 PM
DriverConnectedSuccess:ADAM
6/13/2016 11:30:07 PM
Script System Init Success
6/13/2016 11:30:07 PM
LogRecorderConnected:LOGGER
6/13/2016 11:30:07 PM
DriverConnectedSuccess:ADAM
6/13/2016 11:30:25 PM
Script System Init Success
6/13/2016 11:30:26 PM
LogRecorderConnected:LOGGER
6/13/2016 11:30:26 PM
DriverConnectedSuccess:ADAM
6/13/2016 11:37:02 PM
Script System Init Success
6/13/2016 11:37:02 PM
LogRecorderConnected:LOGGER
6/13/2016 11:37:02 PM
DriverConnectedSuccess:ADAM
6/13/2016 11:38:23 PM
Script System Init Success
6/13/2016 11:41:28 PM
Script System Init Success
6/13/2016 11:42:43 PM
Script System Init Success
6/13/2016 11:43:10 PM
Script System Init Success
6/13/2016 11:43:53 PM
Script System Init Success
6/13/2016 11:45:07 PM
LogRecorderConnected:LOGGER
6/13/2016 11:45:07 PM
DriverConnectedSuccess:ADAM
6/13/2016 11:45:24 PM
Script System Init Success
6/13/2016 11:51:39 PM
Script System Init Success
6/13/2016 11:51:48 PM
LogRecorderConnected:LOGGER
6/13/2016 11:51:48 PM
DriverConnectedSuccess:ADAM
