6/14/2016 12:06:11 AM
Script System Init Success
6/14/2016 12:06:20 AM
Script System Init Success
6/14/2016 12:06:22 AM
DriverConnectedSuccess:ADAM
6/14/2016 12:06:22 AM
LogRecorderConnected:LOGGER
6/14/2016 12:06:45 AM
Script System Init Success
6/14/2016 12:06:46 AM
LogRecorderConnected:LOGGER
6/14/2016 12:06:46 AM
DriverConnectedSuccess:ADAM
6/14/2016 12:08:21 AM
Script System Init Success
6/14/2016 12:09:58 AM
Script System Init Success
6/14/2016 12:10:02 AM
LogRecorderConnected:LOGGER
6/14/2016 12:10:02 AM
DriverConnectedSuccess:ADAM
6/14/2016 12:12:55 AM
Script System Init Success
6/14/2016 12:13:01 AM
LogRecorderConnected:LOGGER
6/14/2016 12:13:01 AM
DriverConnectedSuccess:ADAM
6/14/2016 12:16:33 AM
Script System Init Success
6/14/2016 12:16:36 AM
LogRecorderConnected:LOGGER
6/14/2016 12:16:36 AM
DriverConnectedSuccess:ADAM
6/14/2016 12:18:36 AM
Script System Init Success
6/14/2016 12:18:38 AM
LogRecorderConnected:LOGGER
6/14/2016 12:18:38 AM
DriverConnectedSuccess:ADAM
6/14/2016 12:27:27 AM
Script System Init Success
6/14/2016 12:27:28 AM
LogRecorderConnected:LOGGER
6/14/2016 12:27:28 AM
DriverConnectedSuccess:ADAM
6/14/2016 12:27:59 AM
Script System Init Success
6/14/2016 12:32:08 AM
Script System Init Success
6/14/2016 12:32:19 AM
LogRecorderConnected:LOGGER
6/14/2016 12:32:19 AM
DriverConnectedSuccess:ADAM
6/14/2016 9:19:46 AM
Script System Init Success
6/14/2016 9:19:48 AM
LogRecorderConnected:LOGGER
6/14/2016 9:19:48 AM
DriverShutDown:ADAM
6/14/2016 9:19:50 AM
DriverShutDown:ADAM
6/14/2016 9:22:54 AM
Script System Init Success
6/14/2016 9:22:55 AM
LogRecorderConnected:LOGGER
6/14/2016 9:22:55 AM
DriverShutDown:ADAM
6/14/2016 9:22:57 AM
DriverShutDown:ADAM
6/14/2016 9:28:02 AM
Script System Init Success
6/14/2016 9:28:03 AM
LogRecorderConnected:LOGGER
6/14/2016 9:28:03 AM
DriverConnectedSuccess:ADAM
6/14/2016 9:29:13 AM
Script System Init Success
6/14/2016 9:29:14 AM
LogRecorderConnected:LOGGER
6/14/2016 9:29:14 AM
DriverConnectedSuccess:ADAM
6/14/2016 9:31:46 AM
Script System Init Success
6/14/2016 9:31:47 AM
LogRecorderConnected:LOGGER
6/14/2016 9:31:47 AM
DriverConnectedSuccess:ADAM
6/14/2016 9:33:17 AM
Script System Init Success
6/14/2016 9:33:20 AM
LogRecorderConnected:LOGGER
6/14/2016 9:33:20 AM
DriverConnectedSuccess:ADAM
6/14/2016 9:37:51 AM
Script System Init Success
6/14/2016 9:37:54 AM
LogRecorderConnected:LOGGER
6/14/2016 9:37:54 AM
DriverConnectedSuccess:ADAM
6/14/2016 9:45:08 AM
Script System Init Success
6/14/2016 9:45:10 AM
LogRecorderConnected:LOGGER
6/14/2016 9:45:10 AM
DriverConnectedSuccess:ADAM
6/14/2016 9:45:48 AM
Script System Init Success
6/14/2016 9:45:50 AM
LogRecorderConnected:LOGGER
6/14/2016 9:45:50 AM
DriverConnectedSuccess:ADAM
6/14/2016 10:45:01 AM
Script System Init Success
6/14/2016 10:45:03 AM
LogRecorderConnected:LOGGER
6/14/2016 10:45:24 AM
DriverShutDown:ADAM
6/14/2016 10:45:47 AM
DriverShutDown:ADAM
6/14/2016 10:47:41 AM
Script System Init Success
6/14/2016 10:47:42 AM
LogRecorderConnected:LOGGER
6/14/2016 10:48:03 AM
DriverShutDown:ADAM
6/14/2016 10:48:26 AM
DriverShutDown:ADAM
6/14/2016 10:51:07 AM
Script System Init Success
6/14/2016 10:51:10 AM
LogRecorderConnected:LOGGER
6/14/2016 10:51:31 AM
DriverShutDown:ADAM
6/14/2016 10:51:54 AM
DriverShutDown:ADAM
6/14/2016 10:53:41 AM
Script System Init Success
6/14/2016 10:53:42 AM
LogRecorderConnected:LOGGER
6/14/2016 10:54:03 AM
DriverShutDown:ADAM
6/14/2016 10:54:26 AM
DriverShutDown:ADAM
6/14/2016 11:00:57 AM
Script System Init Success
6/14/2016 11:00:58 AM
LogRecorderConnected:LOGGER
6/14/2016 11:00:58 AM
DriverConnectedSuccess:ADAM
6/14/2016 11:08:57 AM
Script System Init Success
6/14/2016 11:08:58 AM
LogRecorderConnected:LOGGER
6/14/2016 11:08:58 AM
DriverConnectedSuccess:ADAM
6/14/2016 11:10:01 AM
DriverShutDown:ADAM
6/14/2016 11:10:28 AM
DriverShutDown:ADAM
6/14/2016 11:11:11 AM
Script System Init Success
6/14/2016 11:11:13 AM
LogRecorderConnected:LOGGER
6/14/2016 11:11:13 AM
DriverConnectedSuccess:ADAM
6/14/2016 11:11:45 AM
DriverShutDown:ADAM
6/14/2016 11:12:02 AM
Script System Init Success
6/14/2016 11:12:03 AM
LogRecorderConnected:LOGGER
6/14/2016 11:12:03 AM
DriverConnectedSuccess:ADAM
6/14/2016 11:14:52 AM
Script System Init Success
6/14/2016 11:14:53 AM
LogRecorderConnected:LOGGER
6/14/2016 11:14:53 AM
DriverConnectedSuccess:ADAM
6/14/2016 11:16:24 AM
DriverShutDown:ADAM
6/14/2016 11:17:32 AM
DriverShutDown:ADAM
6/14/2016 11:17:50 AM
Script System Init Success
6/14/2016 11:17:51 AM
LogRecorderConnected:LOGGER
6/14/2016 11:18:34 AM
Script System Init Success
6/14/2016 11:18:36 AM
LogRecorderConnected:LOGGER
6/14/2016 11:18:57 AM
DriverShutDown:ADAM
6/14/2016 11:19:28 AM
DriverShutDown:ADAM
6/14/2016 11:30:45 AM
Script System Init Success
6/14/2016 11:30:46 AM
LogRecorderConnected:LOGGER
6/14/2016 11:31:07 AM
DriverShutDown:ADAM
6/14/2016 11:31:30 AM
DriverShutDown:ADAM
6/14/2016 11:41:29 AM
Script System Init Success
6/14/2016 11:41:30 AM
LogRecorderConnected:LOGGER
6/14/2016 11:41:51 AM
DriverShutDown:ADAM
6/14/2016 11:43:44 AM
Script System Init Success
6/14/2016 11:43:45 AM
LogRecorderConnected:LOGGER
6/14/2016 11:44:06 AM
DriverShutDown:ADAM
6/14/2016 11:44:29 AM
DriverShutDown:ADAM
6/14/2016 11:45:27 AM
Script System Init Success
6/14/2016 11:45:28 AM
LogRecorderConnected:LOGGER
6/14/2016 11:45:28 AM
DriverConnectedSuccess:ADAM
6/14/2016 11:52:50 AM
Script System Init Success
6/14/2016 11:52:51 AM
LogRecorderConnected:LOGGER
6/14/2016 11:52:51 AM
DriverConnectedSuccess:ADAM
6/14/2016 11:55:03 AM
DriverShutDown:ADAM
6/14/2016 11:59:17 AM
Script System Init Success
6/14/2016 11:59:18 AM
LogRecorderConnected:LOGGER
6/14/2016 11:59:39 AM
DriverShutDown:ADAM
6/14/2016 12:00:02 PM
DriverShutDown:ADAM
6/14/2016 12:09:51 PM
Script System Init Success
6/14/2016 12:09:52 PM
LogRecorderConnected:LOGGER
6/14/2016 12:09:52 PM
DriverConnectedSuccess:ADAM
6/14/2016 12:11:22 PM
DriverShutDown:ADAM
6/14/2016 12:14:41 PM
Script System Init Success
6/14/2016 12:14:42 PM
LogRecorderConnected:LOGGER
6/14/2016 12:14:42 PM
DriverConnectedSuccess:ADAM
6/14/2016 12:15:13 PM
DriverShutDown:ADAM
6/14/2016 12:17:03 PM
Script System Init Success
6/14/2016 12:17:06 PM
LogRecorderConnected:LOGGER
6/14/2016 12:17:08 PM
DriverConnectedSuccess:ADAM
6/14/2016 12:17:44 PM
DriverShutDown:ADAM
6/14/2016 12:18:14 PM
Script System Init Success
6/14/2016 12:18:15 PM
LogRecorderConnected:LOGGER
6/14/2016 12:18:36 PM
DriverShutDown:ADAM
6/14/2016 12:24:32 PM
Script System Init Success
6/14/2016 12:24:35 PM
LogRecorderConnected:LOGGER
6/14/2016 12:24:56 PM
DriverShutDown:ADAM
6/14/2016 12:25:24 PM
DriverShutDown:ADAM
6/14/2016 12:25:55 PM
DriverShutDown:ADAM
6/14/2016 12:25:57 PM
DriverConnectedSuccess:ADAM
6/14/2016 12:27:01 PM
DriverShutDown:ADAM
6/14/2016 12:27:24 PM
DriverShutDown:ADAM
6/14/2016 12:27:26 PM
DriverConnectedSuccess:ADAM
6/14/2016 12:50:11 PM
DriverShutDown:ADAM
6/14/2016 12:50:13 PM
DriverConnectedSuccess:ADAM
