7/5/2016 11:45:24 AM
Script System Init Success
7/5/2016 11:45:36 AM
LogRecorderConnected:LOGGER
7/5/2016 5:17:40 PM
Script System Init Success
7/5/2016 5:17:44 PM
LogRecorderConnected:LOGGER
7/5/2016 5:18:06 PM
DriverShutDown:ADAM
7/5/2016 5:18:29 PM
DriverShutDown:ADAM
7/5/2016 5:18:52 PM
DriverShutDown:ADAM
7/5/2016 5:19:15 PM
DriverShutDown:ADAM
7/5/2016 5:19:38 PM
DriverShutDown:ADAM
7/5/2016 5:20:01 PM
DriverShutDown:ADAM
7/5/2016 5:20:24 PM
DriverShutDown:ADAM
7/5/2016 5:20:47 PM
DriverShutDown:ADAM
7/5/2016 5:21:11 PM
DriverShutDown:ADAM
7/5/2016 5:21:34 PM
DriverShutDown:ADAM
7/5/2016 5:21:57 PM
DriverShutDown:ADAM
7/5/2016 5:22:20 PM
DriverShutDown:ADAM
7/5/2016 5:22:43 PM
DriverShutDown:ADAM
7/5/2016 5:23:06 PM
DriverShutDown:ADAM
7/5/2016 5:23:29 PM
DriverShutDown:ADAM
7/5/2016 5:23:52 PM
DriverShutDown:ADAM
7/5/2016 5:24:15 PM
DriverShutDown:ADAM
7/5/2016 5:24:38 PM
DriverShutDown:ADAM
7/5/2016 5:25:01 PM
DriverShutDown:ADAM
7/5/2016 5:25:24 PM
DriverShutDown:ADAM
7/5/2016 5:25:47 PM
DriverShutDown:ADAM
7/5/2016 5:26:10 PM
DriverShutDown:ADAM
7/5/2016 5:26:33 PM
DriverShutDown:ADAM
7/5/2016 5:26:56 PM
DriverShutDown:ADAM
7/5/2016 5:27:19 PM
DriverShutDown:ADAM
7/5/2016 5:27:42 PM
DriverShutDown:ADAM
7/5/2016 5:28:05 PM
DriverShutDown:ADAM
7/5/2016 5:28:28 PM
DriverShutDown:ADAM
7/5/2016 5:28:51 PM
DriverShutDown:ADAM
7/5/2016 5:29:14 PM
DriverShutDown:ADAM
7/5/2016 5:29:37 PM
DriverShutDown:ADAM
7/5/2016 5:30:01 PM
DriverShutDown:ADAM
7/5/2016 5:30:24 PM
DriverShutDown:ADAM
7/5/2016 5:30:47 PM
DriverShutDown:ADAM
7/5/2016 5:31:10 PM
DriverShutDown:ADAM
7/5/2016 5:31:33 PM
DriverShutDown:ADAM
7/5/2016 5:31:56 PM
DriverShutDown:ADAM
7/5/2016 5:32:19 PM
DriverShutDown:ADAM
7/5/2016 5:32:42 PM
DriverShutDown:ADAM
7/5/2016 5:33:05 PM
DriverShutDown:ADAM
7/5/2016 5:33:28 PM
DriverShutDown:ADAM
7/5/2016 5:33:51 PM
DriverShutDown:ADAM
7/5/2016 5:34:14 PM
DriverShutDown:ADAM
7/5/2016 5:34:37 PM
DriverShutDown:ADAM
7/5/2016 5:35:00 PM
DriverShutDown:ADAM
7/5/2016 5:35:23 PM
DriverShutDown:ADAM
7/5/2016 5:35:46 PM
DriverShutDown:ADAM
7/5/2016 5:36:09 PM
DriverShutDown:ADAM
7/5/2016 5:36:32 PM
DriverShutDown:ADAM
7/5/2016 5:36:55 PM
DriverShutDown:ADAM
7/5/2016 5:37:18 PM
DriverShutDown:ADAM
7/5/2016 5:37:41 PM
DriverShutDown:ADAM
7/5/2016 5:38:04 PM
DriverShutDown:ADAM
7/5/2016 5:38:27 PM
DriverShutDown:ADAM
7/5/2016 5:38:50 PM
DriverShutDown:ADAM
7/5/2016 5:39:14 PM
DriverShutDown:ADAM
7/5/2016 5:39:37 PM
DriverShutDown:ADAM
7/5/2016 5:40:00 PM
DriverShutDown:ADAM
7/5/2016 5:40:23 PM
DriverShutDown:ADAM
7/5/2016 5:40:46 PM
DriverShutDown:ADAM
7/5/2016 5:41:09 PM
DriverShutDown:ADAM
7/5/2016 5:41:32 PM
DriverShutDown:ADAM
7/5/2016 5:41:55 PM
DriverShutDown:ADAM
7/5/2016 5:42:18 PM
DriverShutDown:ADAM
7/5/2016 5:42:41 PM
DriverShutDown:ADAM
7/5/2016 5:43:04 PM
DriverShutDown:ADAM
7/5/2016 5:43:27 PM
DriverShutDown:ADAM
7/5/2016 5:43:50 PM
DriverShutDown:ADAM
7/5/2016 5:44:13 PM
DriverShutDown:ADAM
7/5/2016 5:44:36 PM
DriverShutDown:ADAM
7/5/2016 5:44:59 PM
DriverShutDown:ADAM
7/5/2016 5:45:22 PM
DriverShutDown:ADAM
7/5/2016 5:45:45 PM
DriverShutDown:ADAM
7/5/2016 5:46:08 PM
DriverShutDown:ADAM
7/5/2016 5:46:31 PM
DriverShutDown:ADAM
7/5/2016 5:46:54 PM
DriverShutDown:ADAM
7/5/2016 5:47:17 PM
DriverShutDown:ADAM
7/5/2016 5:47:40 PM
DriverShutDown:ADAM
7/5/2016 5:48:03 PM
DriverShutDown:ADAM
7/5/2016 5:48:26 PM
DriverShutDown:ADAM
7/5/2016 5:48:49 PM
DriverShutDown:ADAM
7/5/2016 5:49:12 PM
DriverShutDown:ADAM
7/5/2016 5:49:35 PM
DriverShutDown:ADAM
7/5/2016 5:49:58 PM
DriverShutDown:ADAM
7/5/2016 5:50:21 PM
DriverShutDown:ADAM
7/5/2016 5:50:45 PM
DriverShutDown:ADAM
7/5/2016 5:51:08 PM
DriverShutDown:ADAM
7/5/2016 5:51:31 PM
DriverShutDown:ADAM
7/5/2016 5:51:54 PM
DriverShutDown:ADAM
7/5/2016 5:52:17 PM
DriverShutDown:ADAM
7/5/2016 5:52:40 PM
DriverShutDown:ADAM
7/5/2016 5:53:03 PM
DriverShutDown:ADAM
