11/7/2016 12:05:40 AM
Script System Init Success
11/7/2016 12:05:42 AM
DriverConnectedSuccess:ETHComm
11/7/2016 12:05:44 AM
ServerStart
11/7/2016 12:05:49 AM
DriverConnectedSuccess:OPC
11/7/2016 12:08:45 AM
Script System Init Success
11/7/2016 12:08:45 AM
DriverConnectedSuccess:ETHComm
11/7/2016 12:08:45 AM
DriverConnectedSuccess:OPC
11/7/2016 12:08:46 AM
ServerStart
11/7/2016 12:09:59 AM
Script System Init Success
11/7/2016 12:09:59 AM
DriverConnectedSuccess:ETHComm
11/7/2016 12:10:00 AM
DriverConnectedSuccess:OPC
11/7/2016 12:10:01 AM
ServerStart
